[2021-01-11 20:37:01.536] Starting up round ID .
 - -------------------------
[2021-01-11 20:37:01.541] Running /tg/ revision: 2021-01-11
 - HEAD: a1098aecfdbcd0370c47182c9ea8e161a6bd91d9
[2021-01-11 20:37:03.814] Loading Box Station...
[2021-01-11 20:37:15.771] Loaded Station in 11.9s!
[2021-01-11 20:37:22.259] Loaded Lavaland in 4.2s!
[2021-01-11 20:37:37.042] Ruin loader finished with 0 left to spend.
[2021-01-11 20:37:43.616] Ruin loader finished with 0 left to spend.
[2021-01-11 20:37:43.959] Ruin loader finished with 0 left to spend.
[2021-01-11 20:37:45.685] runtime error: Regex fail: unmatched []
 - proc name: New (/regex/New)
 -   usr: Kosolov325 (/mob/dead/new_player)
 -   src: /regex (/regex)
 -   usr.loc: the plating (11,174,1) (/turf/open/floor/plating)
 -   call stack:
 - /regex (/regex): New("\[.*\[", null)
 - /datum/chatOutput (/datum/chatOutput): analyzeClientData("{\"connData\":\[{\"ckey\":\"ko...")
 - /datum/chatOutput (/datum/chatOutput): Topic("_src_=chat&proc=analyzeClientD...", /list (/list))
 - Kosolov325 (/client): Topic("_src_=chat&proc=analyzeClientD...", /list (/list), null)
 - 
