[2021-01-11 20:06:57.188] Starting up round ID .
 - -------------------------
[2021-01-11 20:06:58.282] INIT: Initialized Profiler subsystem within 0 seconds!
[2021-01-11 20:07:43.331] Fail2Topic: Failed to drop firewall rule. Exit code: 1.
[2021-01-11 20:07:43.331] INIT: Initialized Fail2Topic subsystem within 45.1 seconds!
[2021-01-11 20:07:43.436] INIT: Initialized Title Screen subsystem within 0.1 seconds!
[2021-01-11 20:07:43.436] INIT: Initialized Database subsystem within 0 seconds!
[2021-01-11 20:07:43.436] INIT: Initialized Blackbox subsystem within 0 seconds!
[2021-01-11 20:07:43.437] INIT: Initialized Server Tasks subsystem within 0 seconds!
[2021-01-11 20:07:43.487] INIT: Initialized Input subsystem within 0 seconds!
[2021-01-11 20:07:43.490] INIT: Initialized Sounds subsystem within 0 seconds!
[2021-01-11 20:07:43.490] INIT: Initialized Vis contents overlays subsystem within 0 seconds!
[2021-01-11 20:07:43.586] INIT: Initialized Research subsystem within 0.1 seconds!
[2021-01-11 20:07:43.593] INIT: Initialized Events subsystem within 0 seconds!
[2021-01-11 20:07:43.601] INIT: Initialized Jobs subsystem within 0.1 seconds!
[2021-01-11 20:07:43.611] INIT: Initialized Quirks subsystem within 0 seconds!
[2021-01-11 20:07:43.660] INIT: Initialized Ticker subsystem within 0 seconds!
[2021-01-11 20:07:43.701] INIT: Initialized Instruments subsystem within 0.1 seconds!
[2021-01-11 20:08:32.182] INIT: Initialized Mapping subsystem within 48.4 seconds!
[2021-01-11 20:08:32.184] INIT: Initialized Economy subsystem within 0 seconds!
[2021-01-11 20:08:32.186] INIT: Initialized Networks subsystem within 0 seconds!
[2021-01-11 20:08:32.186] INIT: Initialized Holodeck subsystem within 0 seconds!
[2021-01-11 20:09:12.962] INIT: Initialized Atoms subsystem within 40.8 seconds!
[2021-01-11 20:09:12.986] INIT: Initialized Language subsystem within 0 seconds!
[2021-01-11 20:09:13.195] INIT: Initialized Machines subsystem within 0.2 seconds!
[2021-01-11 20:09:13.354] INIT: Initialized Circuit subsystem within 0.2 seconds!
[2021-01-11 20:09:15.174] INIT: Initialized Atmos Adjacency subsystem within 1.8 seconds!
[2021-01-11 20:09:15.174] INIT: Initialized Autotransfer Vote subsystem within 0 seconds!
[2021-01-11 20:09:15.175] INIT: Initialized Chemistry subsystem within 0 seconds!
[2021-01-11 20:09:15.175] INIT: Initialized Status Effects subsystem within 0 seconds!
[2021-01-11 20:09:15.176] INIT: Initialized Weather subsystem within 0 seconds!
[2021-01-11 20:09:15.181] INIT: Initialized Disease subsystem within 0 seconds!
[2021-01-11 20:09:15.181] INIT: Initialized Jukeboxes subsystem within 0 seconds!
[2021-01-11 20:09:15.182] INIT: Initialized Medals subsystem within 0 seconds!
[2021-01-11 20:09:15.572] INIT: Initialized Minimaps subsystem within 0.4 seconds!
[2021-01-11 20:09:15.574] INIT: Initialized Night Shift subsystem within 0 seconds!
[2021-01-11 20:09:15.574] INIT: Initialized Parallax subsystem within 0 seconds!
[2021-01-11 20:09:15.574] INIT: Initialized Sun subsystem within 0 seconds!
[2021-01-11 20:09:16.033] INIT: Initialized Traumas subsystem within 0.5 seconds!
[2021-01-11 20:09:16.070] INIT: Initialized Bluespace Locker subsystem within 0 seconds!
[2021-01-11 20:09:16.070] INIT: Initialized Pacification Bans subsystem within 0 seconds!
[2021-01-11 20:09:16.071] INIT: Initialized Logging subsystem within 0 seconds!
[2021-01-11 20:09:16.071] INIT: Initialized Recycling subsystem within 0 seconds!
[2021-01-11 20:09:23.691] INIT: Initialized Atmospherics subsystem within 7.6 seconds!
[2021-01-11 20:09:23.691] INIT: Initialized Atmospherics - Turfs subsystem within 0 seconds!
[2021-01-11 20:09:33.888] INIT: Initialized Assets subsystem within 10.2 seconds!
[2021-01-11 20:09:43.079] INIT: Initialized Icon Smoothing subsystem within 9 seconds!
[2021-01-11 20:09:45.187] INIT: Initialized Overlay subsystem within 2.1 seconds!
[2021-01-11 20:09:45.187] INIT: Initialized XKeyScore subsystem within 0 seconds!
[2021-01-11 20:09:45.190] INIT: Initialized Sticky Ban subsystem within 0 seconds!
[2021-01-11 20:10:00.370] INIT: Initialized Lighting subsystem within 15.2 seconds!
[2021-01-11 20:10:00.387] INIT: Initialized Shuttle subsystem within 0 seconds!
[2021-01-11 20:10:00.449] INIT: Initialized Minor Mapping subsystem within 0.1 seconds!
[2021-01-11 20:10:00.451] INIT: Initialized Pathfinder subsystem within 0 seconds!
[2021-01-11 20:10:00.502] INIT: Initialized Persistence subsystem within 0.1 seconds!
[2021-01-11 20:10:00.504] INIT: Initialized Chat subsystem within 0 seconds!
