[2021-01-11 20:47:06.815] Starting up round ID .
 - -------------------------
[2021-01-11 20:47:06.819] Running /tg/ revision: 2021-01-11
 - HEAD: a1098aecfdbcd0370c47182c9ea8e161a6bd91d9
[2021-01-11 20:47:08.520] Loading Box Station...
[2021-01-11 20:47:19.973] Loaded Station in 11.4s!
[2021-01-11 20:47:23.982] Loaded Lavaland in 3.9s!
[2021-01-11 20:47:26.136] Ruin loader finished with 0 left to spend.
[2021-01-11 20:47:33.473] Ruin loader finished with 0 left to spend.
[2021-01-11 20:47:33.749] Ruin loader finished with 0 left to spend.
[2021-01-11 20:48:21.248] runtime error: Regex fail: unmatched []
 - proc name: New (/regex/New)
 -   usr: Kosolov325 (/mob/dead/new_player)
 -   src: /regex (/regex)
 -   usr.loc: the plating (11,174,1) (/turf/open/floor/plating)
 -   call stack:
 - /regex (/regex): New("\[.*\[", null)
 - /datum/chatOutput (/datum/chatOutput): analyzeClientData("{\"connData\":\[{\"ckey\":\"ko...")
 - /datum/chatOutput (/datum/chatOutput): Topic("_src_=chat&proc=analyzeClientD...", /list (/list))
 - Kosolov325 (/client): Topic("_src_=chat&proc=analyzeClientD...", /list (/list), null)
 - 
[2021-01-11 20:48:49.069] ## WARNING: HEY! LISTEN! 0.8 seconds were wasted processing 554 turf(s) (connected to 21542 other turfs) with atmos differences at round start.
[2021-01-11 20:49:40.995] Initializations complete within 153.1 seconds!
[2021-01-11 20:50:28.161] ### VarEdit by Kosolov325/(Kosolov325): /turf/closed/indestructible/splashscreen icon=icons/blank_title.png => title1.png
[2021-01-11 20:50:53.565] Game start took 0s
