[2021-01-11 20:47:06.816] Starting up round ID .
 - -------------------------
[2021-01-11 20:47:07.819] INIT: Initialized Profiler subsystem within 0 seconds!
[2021-01-11 20:47:08.371] Fail2Topic: Failed to drop firewall rule. Exit code: 1.
[2021-01-11 20:47:08.371] INIT: Initialized Fail2Topic subsystem within 0.5 seconds!
[2021-01-11 20:47:08.373] INIT: Initialized Title Screen subsystem within 0 seconds!
[2021-01-11 20:47:08.374] INIT: Initialized Database subsystem within 0 seconds!
[2021-01-11 20:47:08.374] INIT: Initialized Blackbox subsystem within 0 seconds!
[2021-01-11 20:47:08.375] INIT: Initialized Server Tasks subsystem within 0 seconds!
[2021-01-11 20:47:08.376] INIT: Initialized Input subsystem within 0 seconds!
[2021-01-11 20:47:08.382] INIT: Initialized Sounds subsystem within 0 seconds!
[2021-01-11 20:47:08.382] INIT: Initialized Vis contents overlays subsystem within 0 seconds!
[2021-01-11 20:47:08.472] INIT: Initialized Research subsystem within 0.1 seconds!
[2021-01-11 20:47:08.476] INIT: Initialized Events subsystem within 0 seconds!
[2021-01-11 20:47:08.484] INIT: Initialized Jobs subsystem within 0 seconds!
[2021-01-11 20:47:08.490] INIT: Initialized Quirks subsystem within 0 seconds!
[2021-01-11 20:47:08.501] INIT: Initialized Ticker subsystem within 0.1 seconds!
[2021-01-11 20:47:08.519] INIT: Initialized Instruments subsystem within 0 seconds!
[2021-01-11 20:47:34.928] INIT: Initialized Mapping subsystem within 26.4 seconds!
[2021-01-11 20:47:34.931] INIT: Initialized Economy subsystem within 0 seconds!
[2021-01-11 20:47:34.933] INIT: Initialized Networks subsystem within 0 seconds!
[2021-01-11 20:47:34.933] INIT: Initialized Holodeck subsystem within 0 seconds!
[2021-01-11 20:48:36.109] INIT: Initialized Atoms subsystem within 61.2 seconds!
[2021-01-11 20:48:36.136] INIT: Initialized Language subsystem within 0 seconds!
[2021-01-11 20:48:36.424] INIT: Initialized Machines subsystem within 0.3 seconds!
[2021-01-11 20:48:36.515] INIT: Initialized Circuit subsystem within 0.1 seconds!
[2021-01-11 20:48:38.632] INIT: Initialized Atmos Adjacency subsystem within 2.1 seconds!
[2021-01-11 20:48:38.632] INIT: Initialized Autotransfer Vote subsystem within 0 seconds!
[2021-01-11 20:48:38.633] INIT: Initialized Chemistry subsystem within 0 seconds!
[2021-01-11 20:48:38.633] INIT: Initialized Status Effects subsystem within 0 seconds!
[2021-01-11 20:48:38.635] INIT: Initialized Weather subsystem within 0 seconds!
[2021-01-11 20:48:38.640] INIT: Initialized Disease subsystem within 0 seconds!
[2021-01-11 20:48:38.641] INIT: Initialized Jukeboxes subsystem within 0 seconds!
[2021-01-11 20:48:38.641] INIT: Initialized Medals subsystem within 0 seconds!
[2021-01-11 20:48:39.039] INIT: Initialized Minimaps subsystem within 0.4 seconds!
[2021-01-11 20:48:39.042] INIT: Initialized Night Shift subsystem within 0 seconds!
[2021-01-11 20:48:39.042] INIT: Initialized Parallax subsystem within 0 seconds!
[2021-01-11 20:48:39.042] INIT: Initialized Sun subsystem within 0 seconds!
[2021-01-11 20:48:39.502] INIT: Initialized Traumas subsystem within 0.5 seconds!
[2021-01-11 20:48:39.575] INIT: Initialized Bluespace Locker subsystem within 0 seconds!
[2021-01-11 20:48:39.575] INIT: Initialized Pacification Bans subsystem within 0 seconds!
[2021-01-11 20:48:39.575] INIT: Initialized Logging subsystem within 0 seconds!
[2021-01-11 20:48:39.576] INIT: Initialized Recycling subsystem within 0 seconds!
[2021-01-11 20:48:49.766] INIT: Initialized Atmospherics subsystem within 10.2 seconds!
[2021-01-11 20:48:49.767] INIT: Initialized Atmospherics - Turfs subsystem within 0 seconds!
[2021-01-11 20:48:57.269] INIT: Initialized Assets subsystem within 7.5 seconds!
[2021-01-11 20:49:07.566] INIT: Initialized Icon Smoothing subsystem within 10.3 seconds!
[2021-01-11 20:49:09.938] INIT: Initialized Overlay subsystem within 2.4 seconds!
[2021-01-11 20:49:09.938] INIT: Initialized XKeyScore subsystem within 0 seconds!
[2021-01-11 20:49:09.939] INIT: Initialized Sticky Ban subsystem within 0 seconds!
[2021-01-11 20:49:31.004] INIT: Initialized Lighting subsystem within 21.1 seconds!
[2021-01-11 20:49:40.845] INIT: Initialized Shuttle subsystem within 9.8 seconds!
[2021-01-11 20:49:40.927] INIT: Initialized Minor Mapping subsystem within 0.1 seconds!
[2021-01-11 20:49:40.929] INIT: Initialized Pathfinder subsystem within 0 seconds!
[2021-01-11 20:49:40.994] INIT: Initialized Persistence subsystem within 0 seconds!
[2021-01-11 20:49:40.994] INIT: Initialized Chat subsystem within 0 seconds!
