[2021-01-11 20:17:58.123] Starting up round ID .
 - -------------------------
[2021-01-11 20:17:58.140] Running /tg/ revision: 2021-01-11
 - HEAD: a1098aecfdbcd0370c47182c9ea8e161a6bd91d9
[2021-01-11 20:18:01.510] Loading Box Station...
[2021-01-11 20:18:13.400] Loaded Station in 11.9s!
[2021-01-11 20:18:17.605] Loaded Lavaland in 4.1s!
[2021-01-11 20:18:25.817] Ruin loader finished with 0 left to spend.
[2021-01-11 20:18:32.415] Ruin loader finished with 0 left to spend.
[2021-01-11 20:18:32.682] Ruin loader finished with 0 left to spend.
[2021-01-11 20:19:09.932] runtime error: Regex fail: unmatched []
 - proc name: New (/regex/New)
 -   usr: Kosolov325 (/mob/dead/new_player)
 -   src: /regex (/regex)
 -   usr.loc: the plating (11,174,1) (/turf/open/floor/plating)
 -   call stack:
 - /regex (/regex): New("\[.*\[", null)
 - /datum/chatOutput (/datum/chatOutput): analyzeClientData("{\"connData\":\[{\"ckey\":\"ko...")
 - /datum/chatOutput (/datum/chatOutput): Topic("_src_=chat&proc=analyzeClientD...", /list (/list))
 - Kosolov325 (/client): Topic("_src_=chat&proc=analyzeClientD...", /list (/list), null)
 - 
[2021-01-11 20:19:47.182] ## WARNING: HEY! LISTEN! 1 second were wasted processing 521 turf(s) (connected to 21818 other turfs) with atmos differences at round start.
[2021-01-11 20:20:40.345] Initializations complete within 161.2 seconds!
[2021-01-11 20:21:54.959] Game start took 2.1s
