[2021-01-11 20:17:58.136] Starting up round ID .
 - -------------------------
[2021-01-11 20:17:59.175] INIT: Initialized Profiler subsystem within 0 seconds!
[2021-01-11 20:18:01.261] Fail2Topic: Failed to drop firewall rule. Exit code: 1.
[2021-01-11 20:18:01.262] INIT: Initialized Fail2Topic subsystem within 2.1 seconds!
[2021-01-11 20:18:01.268] INIT: Initialized Title Screen subsystem within 0 seconds!
[2021-01-11 20:18:01.269] INIT: Initialized Database subsystem within 0 seconds!
[2021-01-11 20:18:01.270] INIT: Initialized Blackbox subsystem within 0 seconds!
[2021-01-11 20:18:01.270] INIT: Initialized Server Tasks subsystem within 0 seconds!
[2021-01-11 20:18:01.290] INIT: Initialized Input subsystem within 0 seconds!
[2021-01-11 20:18:01.292] INIT: Initialized Sounds subsystem within 0 seconds!
[2021-01-11 20:18:01.292] INIT: Initialized Vis contents overlays subsystem within 0 seconds!
[2021-01-11 20:18:01.384] INIT: Initialized Research subsystem within 0.1 seconds!
[2021-01-11 20:18:01.389] INIT: Initialized Events subsystem within 0 seconds!
[2021-01-11 20:18:01.396] INIT: Initialized Jobs subsystem within 0 seconds!
[2021-01-11 20:18:01.403] INIT: Initialized Quirks subsystem within 0.1 seconds!
[2021-01-11 20:18:01.491] INIT: Initialized Ticker subsystem within 0 seconds!
[2021-01-11 20:18:01.510] INIT: Initialized Instruments subsystem within 0.1 seconds!
[2021-01-11 20:18:33.764] INIT: Initialized Mapping subsystem within 32.2 seconds!
[2021-01-11 20:18:33.766] INIT: Initialized Economy subsystem within 0 seconds!
[2021-01-11 20:18:33.768] INIT: Initialized Networks subsystem within 0 seconds!
[2021-01-11 20:18:33.768] INIT: Initialized Holodeck subsystem within 0 seconds!
[2021-01-11 20:19:32.445] INIT: Initialized Atoms subsystem within 58.7 seconds!
[2021-01-11 20:19:32.476] INIT: Initialized Language subsystem within 0 seconds!
[2021-01-11 20:19:32.909] INIT: Initialized Machines subsystem within 0.5 seconds!
[2021-01-11 20:19:33.029] INIT: Initialized Circuit subsystem within 0.1 seconds!
[2021-01-11 20:19:35.298] INIT: Initialized Atmos Adjacency subsystem within 2.2 seconds!
[2021-01-11 20:19:35.299] INIT: Initialized Autotransfer Vote subsystem within 0 seconds!
[2021-01-11 20:19:35.299] INIT: Initialized Chemistry subsystem within 0 seconds!
[2021-01-11 20:19:35.299] INIT: Initialized Status Effects subsystem within 0 seconds!
[2021-01-11 20:19:35.301] INIT: Initialized Weather subsystem within 0.1 seconds!
[2021-01-11 20:19:35.307] INIT: Initialized Disease subsystem within 0 seconds!
[2021-01-11 20:19:35.307] INIT: Initialized Jukeboxes subsystem within 0 seconds!
[2021-01-11 20:19:35.307] INIT: Initialized Medals subsystem within 0 seconds!
[2021-01-11 20:19:35.810] INIT: Initialized Minimaps subsystem within 0.5 seconds!
[2021-01-11 20:19:35.813] INIT: Initialized Night Shift subsystem within 0 seconds!
[2021-01-11 20:19:35.813] INIT: Initialized Parallax subsystem within 0 seconds!
[2021-01-11 20:19:35.814] INIT: Initialized Sun subsystem within 0 seconds!
[2021-01-11 20:19:36.417] INIT: Initialized Traumas subsystem within 0.6 seconds!
[2021-01-11 20:19:36.495] INIT: Initialized Bluespace Locker subsystem within 0 seconds!
[2021-01-11 20:19:36.495] INIT: Initialized Pacification Bans subsystem within 0 seconds!
[2021-01-11 20:19:36.495] INIT: Initialized Logging subsystem within 0 seconds!
[2021-01-11 20:19:36.496] INIT: Initialized Recycling subsystem within 0 seconds!
[2021-01-11 20:19:47.971] INIT: Initialized Atmospherics subsystem within 11.5 seconds!
[2021-01-11 20:19:47.971] INIT: Initialized Atmospherics - Turfs subsystem within 0 seconds!
[2021-01-11 20:19:57.736] INIT: Initialized Assets subsystem within 9.8 seconds!
[2021-01-11 20:20:07.794] INIT: Initialized Icon Smoothing subsystem within 10 seconds!
[2021-01-11 20:20:09.965] INIT: Initialized Overlay subsystem within 2.2 seconds!
[2021-01-11 20:20:09.966] INIT: Initialized XKeyScore subsystem within 0 seconds!
[2021-01-11 20:20:09.966] INIT: Initialized Sticky Ban subsystem within 0 seconds!
[2021-01-11 20:20:32.650] INIT: Initialized Lighting subsystem within 22.7 seconds!
[2021-01-11 20:20:40.195] INIT: Initialized Shuttle subsystem within 7.5 seconds!
[2021-01-11 20:20:40.271] INIT: Initialized Minor Mapping subsystem within 0.1 seconds!
[2021-01-11 20:20:40.277] INIT: Initialized Pathfinder subsystem within 0 seconds!
[2021-01-11 20:20:40.344] INIT: Initialized Persistence subsystem within 0.1 seconds!
[2021-01-11 20:20:40.345] INIT: Initialized Chat subsystem within 0 seconds!
